# CMPT 145: Assignment 4
# Cordell Blanchard
# chb344, 11236660
# 04, L06

commit 64c04a44908bd79d3e941d8b8f762f9c470c8ae1
Author: Cordell Blanchard <CordellBlanchard@gmail.com>
Date:   Thu Feb 6 11:05:00 2020 -0600

    forgot to close file added that to a4q1.

commit 6ccf2c7072ac39052068cbf177dbeffb8f506600
Author: Cordell Blanchard <CordellBlanchard@gmail.com>
Date:   Wed Feb 5 23:45:16 2020 -0600
   
    a4q1_testing
    Test script with valid tests for all functions needed.
    a4q1
    all functions Tested and completed, main function added

commit 1dd50c6921bbc31c454458b85a38643d9f914f7a
Author: Cordell Blanchard <CordellBlanchard@gmail.com>
Date:   Wed Feb 5 23:33:27 2020 -0600

    a4q1_testing
    Test script with valid tests for check_square() added.
    a4q1
    Tested and completed check_square() created

commit 6961857a3a23a63fc0649573ac9e4a30d14848ec
Author: Cordell Blanchard <CordellBlanchard@gmail.com>
Date:   Wed Feb 5 23:20:08 2020 -0600

    a4q1_testing
    Test script with valid tests for check_rows() added.
    a4q1
    Tested and completed check_rows() created, and function stub for check_square() added

commit 47d252489ba27ecc540cb441d5e9bc839a46d52b
Author: Cordell Blanchard <CordellBlanchard@gmail.com>
Date:   Wed Feb 5 23:08:07 2020 -0600

    Tested and completed check_columns created, and function stub for check_rows() added.

commit 4aea7bc0806956b723cb6b45cc4660cc0866a869
Author: Cordell Blanchard <CordellBlanchard@gmail.com>
Date:   Wed Feb 5 23:02:15 2020 -0600

    Test script with valid tests for: read_file(), and check_columns().

commit b28d82b59b827abd7ca0775c457cef3d02457eb1
Author: Cordell Blanchard <CordellBlanchard@gmail.com>
Date:   Wed Feb 5 22:35:51 2020 -0600

    Tested and completed read_file() Created and function stub for check_columns() added.

commit 273b959b87c594ec76589b1b3c8f1f8e54275c28
Author: Cordell Blanchard <CordellBlanchard@gmail.com>
Date:   Wed Feb 5 22:31:23 2020 -0600

    Test script with valid tests for: read_file()

commit 34b1b16cb73e79fcdf305ada26c7111e2d01102b
Author: Cordell Blanchard <CordellBlanchard@gmail.com>
Date:   Wed Feb 5 21:32:13 2020 -0600

    Created function stub for read_file().

commit 332788e308b296d3ce825f7787eb45b3c67b3266
Author: Cordell Blanchard <CordellBlanchard@gmail.com>
Date:   Wed Feb 5 19:28:53 2020 -0600

    Initial commit for assignment 4.